<?xml version="1.0" encoding="UTF-8"?>
<!-- Generated by org.testng.reporters.JUnitXMLReporter -->
<testsuite ignored="1" hostname="LAPTOP-SR1F18AB" failures="1" tests="1" name="Test(failed)" time="8.595" errors="0" timestamp="2025-05-07T16:31:58 IST">
  <testcase classname="inventoryTests.AddProductToCartTest" name="sampleTest" time="0.016">
    <failure type="java.lang.AssertionError" message="null">
      <![CDATA[java.lang.AssertionError: null
at inventoryTests.AddProductToCartTest.sampleTest(AddProductToCartTest.java:59)
at java.base/java.util.ArrayList.forEach(ArrayList.java:1596)
... Removed 27 stack frames]]>
    </failure>
  </testcase> <!-- sampleTest -->
  <testcase classname="inventoryTests.AddProductToCartTest" name="TC_01_AddProductToCartTest" time="0.0">
    <ignored/>
  </testcase> <!-- TC_01_AddProductToCartTest -->
</testsuite> <!-- Test(failed) -->
